<?xml version='1.0' encoding='UTF-8'?>
<testsuite hostname="ubuntu" name="parserSpec" tests="19" errors="2" failures="0" time="-0.019">
                <properties>
[...]
</properties>
                <testcase classname="parserSpec" name="(It is not a test)" time="-0.001"> 
                    </testcase><testcase classname="parserSpec" name="(It is not a test)" time="-0.001"> 
                    </testcase><testcase classname="parserSpec" name="(It is not a test)" time="-0.001"> 
                    </testcase><testcase classname="parserSpec" name="(It is not a test)" time="-0.001"> 
                    </testcase><testcase classname="parserSpec" name="(It is not a test)" time="-0.001"> <error message="(BinExpr(**,BinExpr(+,Variable(x),Variable(y)),IntNum(2)),BinExpr(**,Variable(x),IntNum(2))) (of class scala.Tuple2)" type="scala.MatchError">scala.MatchError: (BinExpr(**,BinExpr(+,Variable(x),Variable(y)),IntNum(2)),BinExpr(**,Variable(x),IntNum(2))) (of class scala.Tuple2)
	at simplifier.SimplifyBinExpr$.apply(SimplifyBinExpr.scala:93)
	at simplifier.Simplifier$.simplify(simplifier.scala:40)
	at simplifier.Simplifier$.apply(simplifier.scala:9)
	at simplifier.SimplifyBinExpr$.apply(SimplifyBinExpr.scala:93)
	at simplifier.Simplifier$.simplify(simplifier.scala:40)
	at simplifier.SimplifyNodeList$$anonfun$apply$1.apply(SimplifyNodeList.scala:11)
	at simplifier.SimplifyNodeList$$anonfun$apply$1.apply(SimplifyNodeList.scala:11)
	at simplifier.SimplifyNodeList$.apply(SimplifyNodeList.scala:11)
	at simplifier.Simplifier$.simplify(simplifier.scala:45)
	at parserSpec.parseString(Specs.scala:15)
	at parserSpec$$anonfun$2$$anonfun$apply$33$$anonfun$apply$48.apply(Specs.scala:78)
	at parserSpec$$anonfun$2$$anonfun$apply$33$$anonfun$apply$48.apply(Specs.scala:78)
	at parserSpec$$anonfun$2$$anonfun$apply$33.apply(Specs.scala:78)
	at parserSpec$$anonfun$2$$anonfun$apply$33.apply(Specs.scala:70)
</error>
                    </testcase><testcase classname="parserSpec" name="(It is not a test)" time="-0.001"> 
                    </testcase><testcase classname="parserSpec" name="(It is not a test)" time="-0.001"> <error message="(Variable(x),Variable(z)) (of class scala.Tuple2)" type="scala.MatchError">scala.MatchError: (Variable(x),Variable(z)) (of class scala.Tuple2)
	at simplifier.SimplifyBinExpr$.apply(SimplifyBinExpr.scala:93)
	at simplifier.Simplifier$.simplify(simplifier.scala:40)
	at simplifier.Simplifier$.apply(simplifier.scala:9)
	at simplifier.SimplifyBinExpr$.apply(SimplifyBinExpr.scala:206)
	at simplifier.Simplifier$.simplify(simplifier.scala:40)
	at simplifier.SimplifyNodeList$$anonfun$apply$1.apply(SimplifyNodeList.scala:11)
	at simplifier.SimplifyNodeList$$anonfun$apply$1.apply(SimplifyNodeList.scala:11)
	at simplifier.SimplifyNodeList$.apply(SimplifyNodeList.scala:11)
	at simplifier.Simplifier$.simplify(simplifier.scala:45)
	at parserSpec.parseString(Specs.scala:15)
	at parserSpec$$anonfun$2$$anonfun$apply$59$$anonfun$apply$70.apply(Specs.scala:94)
	at parserSpec$$anonfun$2$$anonfun$apply$59$$anonfun$apply$70.apply(Specs.scala:94)
	at parserSpec$$anonfun$2$$anonfun$apply$59.apply(Specs.scala:94)
	at parserSpec$$anonfun$2$$anonfun$apply$59.apply(Specs.scala:88)
</error>
                    </testcase><testcase classname="parserSpec" name="(It is not a test)" time="-0.001"> 
                    </testcase><testcase classname="parserSpec" name="(It is not a test)" time="-0.001"> 
                    </testcase><testcase classname="parserSpec" name="(It is not a test)" time="-0.001"> 
                    </testcase><testcase classname="parserSpec" name="(It is not a test)" time="-0.001"> 
                    </testcase><testcase classname="parserSpec" name="(It is not a test)" time="-0.001"> 
                    </testcase><testcase classname="parserSpec" name="(It is not a test)" time="-0.001"> 
                    </testcase><testcase classname="parserSpec" name="(It is not a test)" time="-0.001"> 
                    </testcase><testcase classname="parserSpec" name="(It is not a test)" time="-0.001"> 
                    </testcase><testcase classname="parserSpec" name="(It is not a test)" time="-0.001"> 
                    </testcase><testcase classname="parserSpec" name="(It is not a test)" time="-0.001"> 
                    </testcase><testcase classname="parserSpec" name="(It is not a test)" time="-0.001"> 
                    </testcase><testcase classname="parserSpec" name="(It is not a test)" time="-0.001"> 
                    </testcase>
                <system-out></system-out>
                <system-err></system-err>
                </testsuite>